Determining if the pthread_create exist failed with the following output:
Change Dir: /home/venkim/Loris/crazyflie_ws/build/CMakeFiles/CMakeTmp

Run Build Command:"/usr/bin/make" "cmTC_c3b9c/fast"
/usr/bin/make -f CMakeFiles/cmTC_c3b9c.dir/build.make CMakeFiles/cmTC_c3b9c.dir/build
make[1]: Entering directory '/home/venkim/Loris/crazyflie_ws/build/CMakeFiles/CMakeTmp'
Building C object CMakeFiles/cmTC_c3b9c.dir/CheckSymbolExists.c.o
/usr/bin/cc     -o CMakeFiles/cmTC_c3b9c.dir/CheckSymbolExists.c.o   -c /home/venkim/Loris/crazyflie_ws/build/CMakeFiles/CMakeTmp/CheckSymbolExists.c
Linking C executable cmTC_c3b9c
/usr/bin/cmake -E cmake_link_script CMakeFiles/cmTC_c3b9c.dir/link.txt --verbose=1
/usr/bin/cc       CMakeFiles/cmTC_c3b9c.dir/CheckSymbolExists.c.o  -o cmTC_c3b9c -rdynamic 
CMakeFiles/cmTC_c3b9c.dir/CheckSymbolExists.c.o: In function `main':
CheckSymbolExists.c:(.text+0x16): undefined reference to `pthread_create'
collect2: error: ld returned 1 exit status
CMakeFiles/cmTC_c3b9c.dir/build.make:97: recipe for target 'cmTC_c3b9c' failed
make[1]: *** [cmTC_c3b9c] Error 1
make[1]: Leaving directory '/home/venkim/Loris/crazyflie_ws/build/CMakeFiles/CMakeTmp'
Makefile:126: recipe for target 'cmTC_c3b9c/fast' failed
make: *** [cmTC_c3b9c/fast] Error 2

File /home/venkim/Loris/crazyflie_ws/build/CMakeFiles/CMakeTmp/CheckSymbolExists.c:
/* */
#include <pthread.h>

int main(int argc, char** argv)
{
  (void)argv;
#ifndef pthread_create
  return ((int*)(&pthread_create))[argc];
#else
  (void)argc;
  return 0;
#endif
}

Determining if the function pthread_create exists in the pthreads failed with the following output:
Change Dir: /home/venkim/Loris/crazyflie_ws/build/CMakeFiles/CMakeTmp

Run Build Command:"/usr/bin/make" "cmTC_ba8fe/fast"
/usr/bin/make -f CMakeFiles/cmTC_ba8fe.dir/build.make CMakeFiles/cmTC_ba8fe.dir/build
make[1]: Entering directory '/home/venkim/Loris/crazyflie_ws/build/CMakeFiles/CMakeTmp'
Building C object CMakeFiles/cmTC_ba8fe.dir/CheckFunctionExists.c.o
/usr/bin/cc    -DCHECK_FUNCTION_EXISTS=pthread_create   -o CMakeFiles/cmTC_ba8fe.dir/CheckFunctionExists.c.o   -c /usr/share/cmake-3.5/Modules/CheckFunctionExists.c
Linking C executable cmTC_ba8fe
/usr/bin/cmake -E cmake_link_script CMakeFiles/cmTC_ba8fe.dir/link.txt --verbose=1
/usr/bin/cc   -DCHECK_FUNCTION_EXISTS=pthread_create    CMakeFiles/cmTC_ba8fe.dir/CheckFunctionExists.c.o  -o cmTC_ba8fe -rdynamic -lpthreads 
/usr/bin/ld: cannot find -lpthreads
collect2: error: ld returned 1 exit status
CMakeFiles/cmTC_ba8fe.dir/build.make:97: recipe for target 'cmTC_ba8fe' failed
make[1]: *** [cmTC_ba8fe] Error 1
make[1]: Leaving directory '/home/venkim/Loris/crazyflie_ws/build/CMakeFiles/CMakeTmp'
Makefile:126: recipe for target 'cmTC_ba8fe/fast' failed
make: *** [cmTC_ba8fe/fast] Error 2


