Determining if the pthread_create exist failed with the following output:
Change Dir: /home/venkim/Loris/crazyflie_ws/build/CMakeFiles/CMakeTmp

Run Build Command:"/usr/bin/make" "cmTC_f70dc/fast"
/usr/bin/make -f CMakeFiles/cmTC_f70dc.dir/build.make CMakeFiles/cmTC_f70dc.dir/build
make[1]: Entering directory '/home/venkim/Loris/crazyflie_ws/build/CMakeFiles/CMakeTmp'
Building C object CMakeFiles/cmTC_f70dc.dir/CheckSymbolExists.c.o
/usr/bin/cc     -o CMakeFiles/cmTC_f70dc.dir/CheckSymbolExists.c.o   -c /home/venkim/Loris/crazyflie_ws/build/CMakeFiles/CMakeTmp/CheckSymbolExists.c
Linking C executable cmTC_f70dc
/usr/bin/cmake -E cmake_link_script CMakeFiles/cmTC_f70dc.dir/link.txt --verbose=1
/usr/bin/cc       CMakeFiles/cmTC_f70dc.dir/CheckSymbolExists.c.o  -o cmTC_f70dc -rdynamic 
CMakeFiles/cmTC_f70dc.dir/CheckSymbolExists.c.o: In function `main':
CheckSymbolExists.c:(.text+0x16): undefined reference to `pthread_create'
collect2: error: ld returned 1 exit status
CMakeFiles/cmTC_f70dc.dir/build.make:97: recipe for target 'cmTC_f70dc' failed
make[1]: *** [cmTC_f70dc] Error 1
make[1]: Leaving directory '/home/venkim/Loris/crazyflie_ws/build/CMakeFiles/CMakeTmp'
Makefile:126: recipe for target 'cmTC_f70dc/fast' failed
make: *** [cmTC_f70dc/fast] Error 2

File /home/venkim/Loris/crazyflie_ws/build/CMakeFiles/CMakeTmp/CheckSymbolExists.c:
/* */
#include <pthread.h>

int main(int argc, char** argv)
{
  (void)argv;
#ifndef pthread_create
  return ((int*)(&pthread_create))[argc];
#else
  (void)argc;
  return 0;
#endif
}

Determining if the function pthread_create exists in the pthreads failed with the following output:
Change Dir: /home/venkim/Loris/crazyflie_ws/build/CMakeFiles/CMakeTmp

Run Build Command:"/usr/bin/make" "cmTC_e1ea5/fast"
/usr/bin/make -f CMakeFiles/cmTC_e1ea5.dir/build.make CMakeFiles/cmTC_e1ea5.dir/build
make[1]: Entering directory '/home/venkim/Loris/crazyflie_ws/build/CMakeFiles/CMakeTmp'
Building C object CMakeFiles/cmTC_e1ea5.dir/CheckFunctionExists.c.o
/usr/bin/cc    -DCHECK_FUNCTION_EXISTS=pthread_create   -o CMakeFiles/cmTC_e1ea5.dir/CheckFunctionExists.c.o   -c /usr/share/cmake-3.5/Modules/CheckFunctionExists.c
Linking C executable cmTC_e1ea5
/usr/bin/cmake -E cmake_link_script CMakeFiles/cmTC_e1ea5.dir/link.txt --verbose=1
/usr/bin/cc   -DCHECK_FUNCTION_EXISTS=pthread_create    CMakeFiles/cmTC_e1ea5.dir/CheckFunctionExists.c.o  -o cmTC_e1ea5 -rdynamic -lpthreads 
/usr/bin/ld: cannot find -lpthreads
collect2: error: ld returned 1 exit status
CMakeFiles/cmTC_e1ea5.dir/build.make:97: recipe for target 'cmTC_e1ea5' failed
make[1]: *** [cmTC_e1ea5] Error 1
make[1]: Leaving directory '/home/venkim/Loris/crazyflie_ws/build/CMakeFiles/CMakeTmp'
Makefile:126: recipe for target 'cmTC_e1ea5/fast' failed
make: *** [cmTC_e1ea5/fast] Error 2


